<component name="libraryTable">
  <library name="junit-4.12">
    <CLASSES>
      <root url="jar://$PROJECT_DIR$/../Yatzy/lib/junit-4.12.jar!/" />
      <root url="jar://$PROJECT_DIR$/../Yatzy/lib/junit-jupiter-api-5.7.0-M1.jar!/" />
      <root url="jar://$PROJECT_DIR$/../Yatzy/lib/junit-jupiter-params-5.6.2.jar!/" />
      <root url="jar://$PROJECT_DIR$/../Yatzy/lib/junit-platform-commons-1.7.0-M1.jar!/" />
    </CLASSES>
    <JAVADOC />
    <SOURCES />
  </library>
</component>